<?xml version="1.0" encoding="UTF-8"?>
<!-- Generated by org.testng.reporters.JUnitReportReporter -->
<testsuite hostname="LIN41006553" failures="0" tests="1" name="com.ken.RestAssured.CreateToken" time="3.307" errors="0" timestamp="02 Aug 2022 10:52:32 GMT" skipped="0">
  <testcase classname="com.ken.RestAssured.CreateToken" name="createToken" time="3.307"/>
</testsuite> <!-- com.ken.RestAssured.CreateToken -->
