<?xml version="1.0" encoding="UTF-8"?>
<!-- Generated by org.testng.reporters.JUnitReportReporter -->
<testsuite hostname="LIN41006553" failures="0" tests="1" name="com.ken.RestAssured.BasicExcelRead" time="0.413" errors="0" timestamp="02 Aug 2022 10:07:54 GMT" skipped="0">
  <testcase classname="com.ken.RestAssured.BasicExcelRead" name="main" time="0.413"/>
</testsuite> <!-- com.ken.RestAssured.BasicExcelRead -->
